<?xml version="1.0" encoding="UTF-8"?>
<testng-results skipped="0" failed="1" ignored="0" total="2" passed="1">
  <reporter-output>
  </reporter-output>
  <suite name="Default suite" duration-ms="29894" started-at="2019-03-24T01:32:14Z" finished-at="2019-03-24T01:32:44Z">
    <groups>
    </groups>
    <test name="Default test" duration-ms="29894" started-at="2019-03-24T01:32:14Z" finished-at="2019-03-24T01:32:44Z">
      <class name="week5.day1.CreateLead">
        <test-method status="PASS" signature="login()[pri:0, instance:week5.day1.CreateLead@1341870]" name="login" is-config="true" duration-ms="10200" started-at="2019-03-24T01:32:14Z" finished-at="2019-03-24T01:32:24Z">
          <reporter-output>
          </reporter-output>
        </test-method> <!-- login -->
        <test-method status="PASS" signature="createLeadTest()[pri:0, instance:week5.day1.CreateLead@1341870]" name="createLeadTest" duration-ms="6752" started-at="2019-03-24T01:32:24Z" finished-at="2019-03-24T01:32:31Z">
          <reporter-output>
          </reporter-output>
        </test-method> <!-- createLeadTest -->
        <test-method status="PASS" signature="closeApp()[pri:0, instance:week5.day1.CreateLead@1341870]" name="closeApp" is-config="true" duration-ms="2129" started-at="2019-03-24T01:32:31Z" finished-at="2019-03-24T01:32:33Z">
          <reporter-output>
          </reporter-output>
        </test-method> <!-- closeApp -->
      </class> <!-- week5.day1.CreateLead -->
      <class name="week5.day1.MergeLead">
        <test-method status="PASS" signature="login()[pri:0, instance:week5.day1.MergeLead@153f17c]" name="login" is-config="true" duration-ms="8409" started-at="2019-03-24T01:32:33Z" finished-at="2019-03-24T01:32:41Z">
          <reporter-output>
          </reporter-output>
        </test-method> <!-- login -->
        <test-method status="FAIL" signature="mergeLeadTest()[pri:0, instance:week5.day1.MergeLead@153f17c]" name="mergeLeadTest" duration-ms="4" started-at="2019-03-24T01:32:41Z" depends-on-methods="week5.day1.CreateLead.createLeadTest" finished-at="2019-03-24T01:32:41Z">
          <exception class="java.lang.Error">
            <message>
              <![CDATA[Unresolved compilation problems: 
'<>' operator is not allowed for source level below 1.7
'<>' operator is not allowed for source level below 1.7
]]>
            </message>
            <full-stacktrace>
              <![CDATA[java.lang.Error: Unresolved compilation problems: 
'<>' operator is not allowed for source level below 1.7
'<>' operator is not allowed for source level below 1.7

at week5.day1.MergeLead.mergeLeadTest(MergeLead.java:24)
at sun.reflect.NativeMethodAccessorImpl.invoke0(Native Method)
at sun.reflect.NativeMethodAccessorImpl.invoke(Unknown Source)
at sun.reflect.DelegatingMethodAccessorImpl.invoke(Unknown Source)
at java.lang.reflect.Method.invoke(Unknown Source)
at org.testng.internal.MethodInvocationHelper.invokeMethod(MethodInvocationHelper.java:124)
at org.testng.internal.Invoker.invokeMethod(Invoker.java:583)
at org.testng.internal.Invoker.invokeTestMethod(Invoker.java:719)
at org.testng.internal.Invoker.invokeTestMethods(Invoker.java:989)
at org.testng.internal.TestMethodWorker.invokeTestMethods(TestMethodWorker.java:125)
at org.testng.internal.TestMethodWorker.run(TestMethodWorker.java:109)
at org.testng.TestRunner.privateRun(TestRunner.java:648)
at org.testng.TestRunner.run(TestRunner.java:505)
at org.testng.SuiteRunner.runTest(SuiteRunner.java:455)
at org.testng.SuiteRunner.runSequentially(SuiteRunner.java:450)
at org.testng.SuiteRunner.privateRun(SuiteRunner.java:415)
at org.testng.SuiteRunner.run(SuiteRunner.java:364)
at org.testng.SuiteRunnerWorker.runSuite(SuiteRunnerWorker.java:52)
at org.testng.SuiteRunnerWorker.run(SuiteRunnerWorker.java:84)
at org.testng.TestNG.runSuitesSequentially(TestNG.java:1208)
at org.testng.TestNG.runSuitesLocally(TestNG.java:1137)
at org.testng.TestNG.runSuites(TestNG.java:1049)
at org.testng.TestNG.run(TestNG.java:1017)
at org.testng.remote.AbstractRemoteTestNG.run(AbstractRemoteTestNG.java:114)
at org.testng.remote.RemoteTestNG.initAndRun(RemoteTestNG.java:251)
at org.testng.remote.RemoteTestNG.main(RemoteTestNG.java:77)
]]>
            </full-stacktrace>
          </exception> <!-- java.lang.Error -->
          <reporter-output>
          </reporter-output>
        </test-method> <!-- mergeLeadTest -->
        <test-method status="PASS" signature="closeApp()[pri:0, instance:week5.day1.MergeLead@153f17c]" name="closeApp" is-config="true" duration-ms="2335" started-at="2019-03-24T01:32:41Z" finished-at="2019-03-24T01:32:44Z">
          <reporter-output>
          </reporter-output>
        </test-method> <!-- closeApp -->
      </class> <!-- week5.day1.MergeLead -->
    </test> <!-- Default test -->
  </suite> <!-- Default suite -->
</testng-results>
